<?xml version="1.0" encoding="UTF-8"?>
<!-- Generated by org.testng.reporters.JUnitXMLReporter -->
<testsuite ignored="0" hostname="DESKTOP-B8B32A3" failures="0" tests="6" name="Default test" time="17.688" errors="0" timestamp="2022-11-16T14:15:28 EST">
  <testcase classname="testrunner.TestClass" name="LoginTest" time="0.384"/>
  <testcase classname="testrunner.TestClass" name="backcart" time="0.477"/>
  <testcase classname="testrunner.TestClass" name="backpicturetest" time="0.039"/>
  <testcase classname="testrunner.TestClass" name="menueTest" time="0.056"/>
  <testcase classname="testrunner.TestClass" name="titleTest" time="0.019"/>
  <testcase classname="testrunner.TestClass" name="userNames" time="10.311"/>
</testsuite> <!-- Default test -->
