<?xml version="1.0" encoding="UTF-8"?>
<testng-results ignored="0" total="6" passed="6" failed="0" skipped="0">
  <reporter-output>
  </reporter-output>
  <suite started-at="2022-11-16T14:15:10 EST" name="Default suite" finished-at="2022-11-16T14:15:28 EST" duration-ms="17688">
    <groups>
    </groups>
    <test started-at="2022-11-16T14:15:10 EST" name="Default test" finished-at="2022-11-16T14:15:28 EST" duration-ms="17688">
      <class name="testrunner.TestClass">
        <test-method is-config="true" signature="Initialised()[pri:0, instance:testrunner.TestClass@6c64cb25]" started-at="2022-11-16T14:15:10 EST" name="Initialised" finished-at="2022-11-16T14:15:14 EST" duration-ms="4172" status="PASS">
          <reporter-output>
          </reporter-output>
        </test-method> <!-- Initialised -->
        <test-method signature="LoginTest()[pri:0, instance:testrunner.TestClass@6c64cb25]" started-at="2022-11-16T14:15:14 EST" name="LoginTest" finished-at="2022-11-16T14:15:15 EST" duration-ms="384" status="PASS">
          <reporter-output>
          </reporter-output>
        </test-method> <!-- LoginTest -->
        <test-method signature="backcart()[pri:0, instance:testrunner.TestClass@6c64cb25]" started-at="2022-11-16T14:15:15 EST" name="backcart" finished-at="2022-11-16T14:15:15 EST" duration-ms="477" status="PASS">
          <reporter-output>
          </reporter-output>
        </test-method> <!-- backcart -->
        <test-method signature="backpicturetest()[pri:0, instance:testrunner.TestClass@6c64cb25]" started-at="2022-11-16T14:15:15 EST" name="backpicturetest" finished-at="2022-11-16T14:15:15 EST" duration-ms="39" status="PASS">
          <reporter-output>
          </reporter-output>
        </test-method> <!-- backpicturetest -->
        <test-method signature="menueTest()[pri:0, instance:testrunner.TestClass@6c64cb25]" started-at="2022-11-16T14:15:15 EST" name="menueTest" finished-at="2022-11-16T14:15:15 EST" duration-ms="56" status="PASS">
          <reporter-output>
          </reporter-output>
        </test-method> <!-- menueTest -->
        <test-method signature="titleTest()[pri:0, instance:testrunner.TestClass@6c64cb25]" started-at="2022-11-16T14:15:15 EST" name="titleTest" finished-at="2022-11-16T14:15:15 EST" duration-ms="19" status="PASS">
          <reporter-output>
          </reporter-output>
        </test-method> <!-- titleTest -->
        <test-method signature="userNames()[pri:0, instance:testrunner.TestClass@6c64cb25]" started-at="2022-11-16T14:15:15 EST" name="userNames" finished-at="2022-11-16T14:15:26 EST" duration-ms="10311" status="PASS">
          <reporter-output>
          </reporter-output>
        </test-method> <!-- userNames -->
        <test-method is-config="true" signature="driverClose()[pri:0, instance:testrunner.TestClass@6c64cb25]" started-at="2022-11-16T14:15:26 EST" name="driverClose" finished-at="2022-11-16T14:15:28 EST" duration-ms="2176" status="PASS">
          <reporter-output>
          </reporter-output>
        </test-method> <!-- driverClose -->
      </class> <!-- testrunner.TestClass -->
    </test> <!-- Default test -->
  </suite> <!-- Default suite -->
</testng-results>
